[17:06:59] [Client thread/INFO]: Setting user: Player889
[17:07:02] [Client thread/WARN]: Skipping bad option: lastServer:
[17:07:02] [Client thread/INFO]: LWJGL Version: 2.9.4
[17:07:04] [Client thread/INFO]: Reloading ResourceManager: Default, FMLFileResourcePack:Forge Mod Loader, FMLFileResourcePack:Minecraft Forge, FMLFileResourcePack:Cakeorium
[17:07:06] [Sound Library Loader/INFO]: Starting up SoundSystem...
[17:07:06] [Thread-8/INFO]: Initializing LWJGL OpenAL
[17:07:06] [Thread-8/INFO]: (The LWJGL binding of OpenAL.  For more information, see http://www.lwjgl.org)
[17:07:07] [Thread-8/INFO]: OpenAL initialized.
[17:07:07] [Sound Library Loader/INFO]: Sound engine started
[17:07:09] [Client thread/INFO]: Created: 16x16 textures-atlas
[17:07:10] [Client thread/INFO]: Reloading ResourceManager: Default, FMLFileResourcePack:Forge Mod Loader, FMLFileResourcePack:Minecraft Forge, FMLFileResourcePack:Cakeorium
[17:07:12] [Client thread/INFO]: SoundSystem shutting down...
[17:07:12] [Client thread/WARN]: Author: Paul Lamb, www.paulscode.com
[17:07:12] [Sound Library Loader/INFO]: Starting up SoundSystem...
[17:07:12] [Thread-10/INFO]: Initializing LWJGL OpenAL
[17:07:12] [Thread-10/INFO]: (The LWJGL binding of OpenAL.  For more information, see http://www.lwjgl.org)
[17:07:12] [Thread-10/INFO]: OpenAL initialized.
[17:07:13] [Sound Library Loader/INFO]: Sound engine started
[17:07:14] [Client thread/INFO]: Created: 512x512 textures-atlas
[17:07:15] [Client thread/WARN]: Skipping bad option: lastServer:
[17:07:15] [Realms Notification Availability checker #1/INFO]: Could not authorize you against Realms server: Invalid session id
[17:07:19] [Server thread/INFO]: Starting integrated minecraft server version 1.10.2
[17:07:19] [Server thread/INFO]: Generating keypair
[17:07:19] [Server thread/INFO]: Preparing start region for level 0
[17:07:20] [Server thread/INFO]: Changing view distance to 12, from 10
[17:07:21] [Server thread/INFO]: Player889[local:E:f3495a86] logged in with entity id 187 at (91.5, 64.0, 155.5)
[17:07:21] [Server thread/INFO]: Player889 joined the game
[17:07:22] [Server thread/INFO]: Saving and pausing game...
[17:07:22] [Server thread/INFO]: Saving chunks for level 'New World'/Overworld
[17:07:22] [Server thread/INFO]: Saving chunks for level 'New World'/Nether
[17:07:22] [Server thread/INFO]: Saving chunks for level 'New World'/The End
[17:07:22] [pool-2-thread-1/WARN]: Couldn't look up profile properties for com.mojang.authlib.GameProfile@7ac26429[id=a205b8da-efc6-37ad-8e1d-84c0239cdd21,name=Player889,properties={},legacy=false]
com.mojang.authlib.exceptions.AuthenticationException: The client has sent too many requests within a certain amount of time
	at com.mojang.authlib.yggdrasil.YggdrasilAuthenticationService.makeRequest(YggdrasilAuthenticationService.java:65) ~[YggdrasilAuthenticationService.class:?]
	at com.mojang.authlib.yggdrasil.YggdrasilMinecraftSessionService.fillGameProfile(YggdrasilMinecraftSessionService.java:175) [YggdrasilMinecraftSessionService.class:?]
	at com.mojang.authlib.yggdrasil.YggdrasilMinecraftSessionService$1.load(YggdrasilMinecraftSessionService.java:59) [YggdrasilMinecraftSessionService$1.class:?]
	at com.mojang.authlib.yggdrasil.YggdrasilMinecraftSessionService$1.load(YggdrasilMinecraftSessionService.java:56) [YggdrasilMinecraftSessionService$1.class:?]
	at com.google.common.cache.LocalCache$LoadingValueReference.loadFuture(LocalCache.java:3524) [guava-17.0.jar:?]
	at com.google.common.cache.LocalCache$Segment.loadSync(LocalCache.java:2317) [guava-17.0.jar:?]
	at com.google.common.cache.LocalCache$Segment.lockedGetOrLoad(LocalCache.java:2280) [guava-17.0.jar:?]
	at com.google.common.cache.LocalCache$Segment.get(LocalCache.java:2195) [guava-17.0.jar:?]
	at com.google.common.cache.LocalCache.get(LocalCache.java:3934) [guava-17.0.jar:?]
	at com.google.common.cache.LocalCache.getOrLoad(LocalCache.java:3938) [guava-17.0.jar:?]
	at com.google.common.cache.LocalCache$LocalLoadingCache.get(LocalCache.java:4821) [guava-17.0.jar:?]
	at com.google.common.cache.LocalCache$LocalLoadingCache.getUnchecked(LocalCache.java:4827) [guava-17.0.jar:?]
	at com.mojang.authlib.yggdrasil.YggdrasilMinecraftSessionService.fillProfileProperties(YggdrasilMinecraftSessionService.java:165) [YggdrasilMinecraftSessionService.class:?]
	at net.minecraft.client.Minecraft.getProfileProperties(Minecraft.java:3060) [Minecraft.class:?]
	at net.minecraft.client.resources.SkinManager$3.run(SkinManager.java:131) [SkinManager$3.class:?]
	at java.util.concurrent.Executors$RunnableAdapter.call(Executors.java:511) [?:1.8.0_161]
	at java.util.concurrent.FutureTask.run(FutureTask.java:266) [?:1.8.0_161]
	at java.util.concurrent.ThreadPoolExecutor.runWorker(ThreadPoolExecutor.java:1149) [?:1.8.0_161]
	at java.util.concurrent.ThreadPoolExecutor$Worker.run(ThreadPoolExecutor.java:624) [?:1.8.0_161]
	at java.lang.Thread.run(Thread.java:748) [?:1.8.0_161]
[17:07:23] [Server thread/INFO]: Saving and pausing game...
[17:07:23] [Server thread/INFO]: Saving chunks for level 'New World'/Overworld
[17:07:23] [Server thread/INFO]: Saving chunks for level 'New World'/Nether
[17:07:23] [Server thread/INFO]: Saving chunks for level 'New World'/The End
[17:07:28] [Server thread/INFO]: Saving and pausing game...
[17:07:29] [Server thread/INFO]: Saving chunks for level 'New World'/Overworld
[17:07:29] [Server thread/INFO]: Saving chunks for level 'New World'/Nether
[17:07:29] [Server thread/INFO]: Saving chunks for level 'New World'/The End
[17:07:32] [Server thread/INFO]: Player889 has just earned the achievement [Taking Inventory]
[17:07:32] [Client thread/INFO]: [CHAT] Player889 has just earned the achievement [Taking Inventory]
[17:07:33] [Server thread/INFO]: Saving and pausing game...
[17:07:33] [Server thread/INFO]: Saving chunks for level 'New World'/Overworld
[17:07:33] [Server thread/INFO]: Saving chunks for level 'New World'/Nether
[17:07:33] [Server thread/INFO]: Saving chunks for level 'New World'/The End
[17:10:10] [Server thread/INFO]: Saving and pausing game...
[17:10:10] [Server thread/INFO]: Saving chunks for level 'New World'/Overworld
[17:10:10] [Server thread/INFO]: Saving chunks for level 'New World'/Nether
[17:10:10] [Server thread/INFO]: Saving chunks for level 'New World'/The End
[17:10:11] [Server thread/INFO]: Stopping server
[17:10:11] [Server thread/INFO]: Saving players
[17:10:11] [Server thread/INFO]: Saving worlds
[17:10:11] [Server thread/INFO]: Saving chunks for level 'New World'/Overworld
[17:10:11] [Server thread/INFO]: Saving chunks for level 'New World'/Nether
[17:10:11] [Server thread/INFO]: Saving chunks for level 'New World'/The End
[17:10:12] [Client thread/INFO]: Stopping!
[17:10:12] [Client thread/INFO]: SoundSystem shutting down...
[17:10:13] [Client thread/WARN]: Author: Paul Lamb, www.paulscode.com
